Build started 2020-04-21 오후 4:43:10.
     1>Project "c:\Users\dlrlg\documents\visual studio 2010\Projects\namecard\namecard\namecard.vcxproj" on node 2 (build target(s)).
     1>InitializeBuildStatus:
         Creating "Debug\namecard.unsuccessfulbuild" because "AlwaysCreate" was specified.
       ClCompile:
         c:\Program Files (x86)\Microsoft Visual Studio 10.0\VC\bin\CL.exe /c /ZI /nologo /W3 /WX- /Od /Oy- /D WIN32 /D _DEBUG /D _CONSOLE /D _UNICODE /D UNICODE /Gm /EHsc /RTC1 /MDd /GS /fp:precise /Zc:wchar_t /Zc:forScope /Fo"Debug\\" /Fd"Debug\vc100.pdb" /Gd /TC /analyze- /errorReport:prompt main.c
         main.c
       ManifestResourceCompile:
         All outputs are up-to-date.
       Link:
         c:\Program Files (x86)\Microsoft Visual Studio 10.0\VC\bin\link.exe /ERRORREPORT:PROMPT /OUT:"c:\users\dlrlg\documents\visual studio 2010\Projects\namecard\Debug\namecard.exe" /INCREMENTAL /NOLOGO kernel32.lib user32.lib gdi32.lib winspool.lib comdlg32.lib advapi32.lib shell32.lib ole32.lib oleaut32.lib uuid.lib odbc32.lib odbccp32.lib /MANIFEST /ManifestFile:"Debug\namecard.exe.intermediate.manifest" /MANIFESTUAC:"level='asInvoker' uiAccess='false'" /DEBUG /PDB:"c:\users\dlrlg\documents\visual studio 2010\Projects\namecard\Debug\namecard.pdb" /SUBSYSTEM:CONSOLE /TLBID:1 /DYNAMICBASE /NXCOMPAT /IMPLIB:"c:\users\dlrlg\documents\visual studio 2010\Projects\namecard\Debug\namecard.lib" /MACHINE:X86 Debug\namecard.exe.embed.manifest.res
         Debug\arraylist.obj
         Debug\main.obj
         Debug\NameCard.obj
       Manifest:
         C:\Program Files (x86)\Microsoft SDKs\Windows\v7.0A\bin\mt.exe /nologo /verbose /out:"Debug\namecard.exe.embed.manifest" /manifest Debug\namecard.exe.intermediate.manifest
         All outputs are up-to-date.
       LinkEmbedManifest:
         All outputs are up-to-date.
         namecard.vcxproj -> c:\users\dlrlg\documents\visual studio 2010\Projects\namecard\Debug\namecard.exe
       FinalizeBuildStatus:
         Deleting file "Debug\namecard.unsuccessfulbuild".
         Touching "Debug\namecard.lastbuildstate".
     1>Done Building Project "c:\Users\dlrlg\documents\visual studio 2010\Projects\namecard\namecard\namecard.vcxproj" (build target(s)).

Build succeeded.

Time Elapsed 00:00:00.90
