Build started 2020-04-20 오후 8:32:43.
     1>Project "c:\Users\dlrlg\documents\visual studio 2010\Projects\prob5_1_4m_20d\prob5_1_4m_20d\prob5_1_4m_20d.vcxproj" on node 2 (build target(s)).
     1>InitializeBuildStatus:
         Creating "Debug\prob5_1_4m_20d.unsuccessfulbuild" because "AlwaysCreate" was specified.
       ClCompile:
         c:\Program Files (x86)\Microsoft Visual Studio 10.0\VC\bin\CL.exe /c /ZI /nologo /W3 /WX- /Od /Oy- /D WIN32 /D _DEBUG /D _CONSOLE /D _UNICODE /D UNICODE /Gm /EHsc /RTC1 /MDd /GS /fp:precise /Zc:wchar_t /Zc:forScope /Fo"Debug\\" /Fd"Debug\vc100.pdb" /Gd /TC /analyze- /errorReport:prompt CLinkedListMain.c emp.c
         emp.c
     1>c:\users\dlrlg\documents\visual studio 2010\projects\prob5_1_4m_20d\prob5_1_4m_20d\emp.c(10): warning C4996: 'strcpy': This function or variable may be unsafe. Consider using strcpy_s instead. To disable deprecation, use _CRT_SECURE_NO_WARNINGS. See online help for details.
                 c:\program files (x86)\microsoft visual studio 10.0\vc\include\string.h(105) : see declaration of 'strcpy'
         CLinkedListMain.c
         Generating Code...
       ManifestResourceCompile:
         All outputs are up-to-date.
       Link:
         c:\Program Files (x86)\Microsoft Visual Studio 10.0\VC\bin\link.exe /ERRORREPORT:PROMPT /OUT:"c:\users\dlrlg\documents\visual studio 2010\Projects\prob5_1_4m_20d\Debug\prob5_1_4m_20d.exe" /INCREMENTAL /NOLOGO kernel32.lib user32.lib gdi32.lib winspool.lib comdlg32.lib advapi32.lib shell32.lib ole32.lib oleaut32.lib uuid.lib odbc32.lib odbccp32.lib /MANIFEST /ManifestFile:"Debug\prob5_1_4m_20d.exe.intermediate.manifest" /MANIFESTUAC:"level='asInvoker' uiAccess='false'" /DEBUG /PDB:"c:\users\dlrlg\documents\visual studio 2010\Projects\prob5_1_4m_20d\Debug\prob5_1_4m_20d.pdb" /SUBSYSTEM:CONSOLE /TLBID:1 /DYNAMICBASE /NXCOMPAT /IMPLIB:"c:\users\dlrlg\documents\visual studio 2010\Projects\prob5_1_4m_20d\Debug\prob5_1_4m_20d.lib" /MACHINE:X86 Debug\prob5_1_4m_20d.exe.embed.manifest.res
         Debug\CLinkedList.obj
         Debug\CLinkedListMain.obj
         Debug\emp.obj
       Manifest:
         C:\Program Files (x86)\Microsoft SDKs\Windows\v7.0A\bin\mt.exe /nologo /verbose /out:"Debug\prob5_1_4m_20d.exe.embed.manifest" /manifest Debug\prob5_1_4m_20d.exe.intermediate.manifest
         All outputs are up-to-date.
       LinkEmbedManifest:
         All outputs are up-to-date.
         prob5_1_4m_20d.vcxproj -> c:\users\dlrlg\documents\visual studio 2010\Projects\prob5_1_4m_20d\Debug\prob5_1_4m_20d.exe
       FinalizeBuildStatus:
         Deleting file "Debug\prob5_1_4m_20d.unsuccessfulbuild".
         Touching "Debug\prob5_1_4m_20d.lastbuildstate".
     1>Done Building Project "c:\Users\dlrlg\documents\visual studio 2010\Projects\prob5_1_4m_20d\prob5_1_4m_20d\prob5_1_4m_20d.vcxproj" (build target(s)).

Build succeeded.

Time Elapsed 00:00:01.09
