Build started 2020-04-21 오후 8:16:08.
     1>Project "c:\Users\dlrlg\documents\visual studio 2010\Projects\linkedlist\linkedlist\linkedlist.vcxproj" on node 2 (build target(s)).
     1>InitializeBuildStatus:
         Touching "Debug\linkedlist.unsuccessfulbuild".
       ClCompile:
         c:\Program Files (x86)\Microsoft Visual Studio 10.0\VC\bin\CL.exe /c /ZI /nologo /W3 /WX- /Od /Oy- /D WIN32 /D _DEBUG /D _CONSOLE /D _UNICODE /D UNICODE /Gm /EHsc /RTC1 /MDd /GS /fp:precise /Zc:wchar_t /Zc:forScope /Fo"Debug\\" /Fd"Debug\vc100.pdb" /Gd /TC /analyze- /errorReport:prompt main.c
         main.c
     1>c:\users\dlrlg\documents\visual studio 2010\projects\linkedlist\linkedlist\main.c(15): warning C4715: 'WhoIsPrecede' : not all control paths return a value
       ManifestResourceCompile:
         All outputs are up-to-date.
       Link:
         c:\Program Files (x86)\Microsoft Visual Studio 10.0\VC\bin\link.exe /ERRORREPORT:PROMPT /OUT:"c:\users\dlrlg\documents\visual studio 2010\Projects\linkedlist\Debug\linkedlist.exe" /INCREMENTAL /NOLOGO kernel32.lib user32.lib gdi32.lib winspool.lib comdlg32.lib advapi32.lib shell32.lib ole32.lib oleaut32.lib uuid.lib odbc32.lib odbccp32.lib /MANIFEST /ManifestFile:"Debug\linkedlist.exe.intermediate.manifest" /MANIFESTUAC:"level='asInvoker' uiAccess='false'" /DEBUG /PDB:"c:\users\dlrlg\documents\visual studio 2010\Projects\linkedlist\Debug\linkedlist.pdb" /SUBSYSTEM:CONSOLE /TLBID:1 /DYNAMICBASE /NXCOMPAT /IMPLIB:"c:\users\dlrlg\documents\visual studio 2010\Projects\linkedlist\Debug\linkedlist.lib" /MACHINE:X86 Debug\linkedlist.exe.embed.manifest.res
         Debug\linkedlist.obj
         Debug\main.obj
         Debug\Point.obj
       Manifest:
         C:\Program Files (x86)\Microsoft SDKs\Windows\v7.0A\bin\mt.exe /nologo /verbose /out:"Debug\linkedlist.exe.embed.manifest" /manifest Debug\linkedlist.exe.intermediate.manifest
         All outputs are up-to-date.
       LinkEmbedManifest:
         All outputs are up-to-date.
         linkedlist.vcxproj -> c:\users\dlrlg\documents\visual studio 2010\Projects\linkedlist\Debug\linkedlist.exe
       FinalizeBuildStatus:
         Deleting file "Debug\linkedlist.unsuccessfulbuild".
         Touching "Debug\linkedlist.lastbuildstate".
     1>Done Building Project "c:\Users\dlrlg\documents\visual studio 2010\Projects\linkedlist\linkedlist\linkedlist.vcxproj" (build target(s)).

Build succeeded.

Time Elapsed 00:00:00.96
