Build started 2020-04-21 오후 10:05:51.
     1>Project "c:\Users\dlrlg\documents\visual studio 2010\Projects\stack\stack\stack.vcxproj" on node 2 (build target(s)).
     1>InitializeBuildStatus:
         Touching "Debug\stack.unsuccessfulbuild".
       ClCompile:
         c:\Program Files (x86)\Microsoft Visual Studio 10.0\VC\bin\CL.exe /c /ZI /nologo /W3 /WX- /Od /Oy- /D WIN32 /D _DEBUG /D _CONSOLE /D _UNICODE /D UNICODE /Gm /EHsc /RTC1 /MDd /GS /fp:precise /Zc:wchar_t /Zc:forScope /Fo"Debug\\" /Fd"Debug\vc100.pdb" /Gd /TC /analyze- /errorReport:prompt arraybaseStack.c
         arraybaseStack.c
       ManifestResourceCompile:
         All outputs are up-to-date.
       Link:
         c:\Program Files (x86)\Microsoft Visual Studio 10.0\VC\bin\link.exe /ERRORREPORT:PROMPT /OUT:"c:\users\dlrlg\documents\visual studio 2010\Projects\stack\Debug\stack.exe" /INCREMENTAL /NOLOGO kernel32.lib user32.lib gdi32.lib winspool.lib comdlg32.lib advapi32.lib shell32.lib ole32.lib oleaut32.lib uuid.lib odbc32.lib odbccp32.lib /MANIFEST /ManifestFile:"Debug\stack.exe.intermediate.manifest" /MANIFESTUAC:"level='asInvoker' uiAccess='false'" /DEBUG /PDB:"c:\users\dlrlg\documents\visual studio 2010\Projects\stack\Debug\stack.pdb" /SUBSYSTEM:CONSOLE /TLBID:1 /DYNAMICBASE /NXCOMPAT /IMPLIB:"c:\users\dlrlg\documents\visual studio 2010\Projects\stack\Debug\stack.lib" /MACHINE:X86 Debug\stack.exe.embed.manifest.res
         Debug\arraybaseStack.obj
         Debug\main.obj
         Debug\Point.obj
       Manifest:
         C:\Program Files (x86)\Microsoft SDKs\Windows\v7.0A\bin\mt.exe /nologo /verbose /out:"Debug\stack.exe.embed.manifest" /manifest Debug\stack.exe.intermediate.manifest
         All outputs are up-to-date.
       LinkEmbedManifest:
         All outputs are up-to-date.
         stack.vcxproj -> c:\users\dlrlg\documents\visual studio 2010\Projects\stack\Debug\stack.exe
       FinalizeBuildStatus:
         Deleting file "Debug\stack.unsuccessfulbuild".
         Touching "Debug\stack.lastbuildstate".
     1>Done Building Project "c:\Users\dlrlg\documents\visual studio 2010\Projects\stack\stack\stack.vcxproj" (build target(s)).

Build succeeded.

Time Elapsed 00:00:01.21
